<?xml version="1.0" encoding="UTF-8"?>
<!-- Generated by org.testng.reporters.JUnitReportReporter -->
<testsuite skipped="1" hostname="MUNTASIR-BOCTC10" name="com.openCart.testcase.TC_DD_Login_002" tests="1" failures="0" timestamp="2021-01-28T11:31:36 BDT" time="0.000" errors="0">
  <testcase name="loginDDT" time="0.000" classname="com.openCart.testcase.TC_DD_Login_002">
    <skipped/>
  </testcase> <!-- loginDDT -->
  <system-out/>
</testsuite> <!-- com.openCart.testcase.TC_DD_Login_002 -->
