<?xml version="1.0" encoding="UTF-8"?>
<!-- Generated by org.testng.reporters.JUnitReportReporter -->
<testsuite hostname="MUNTASIR-PC" failures="0" tests="1" name="com.openCart.testcase.DD_TC_Login_003" time="26.480" errors="0" timestamp="2021-04-21T11:35:00 BDT" skipped="0">
  <testcase classname="com.openCart.testcase.DD_TC_Login_003" name="LoginTest" time="26.480"/>
  <system-out/>
</testsuite> <!-- com.openCart.testcase.DD_TC_Login_003 -->
