<?xml version="1.0" encoding="UTF-8"?>
<!-- Generated by org.testng.reporters.JUnitReportReporter -->
<testsuite hostname="DESKTOP-162LP8P" failures="0" tests="1" name="com.openCart.testcase.DDT" time="16.417" errors="0" timestamp="2021-02-10T13:32:34 BDT" skipped="0">
  <testcase classname="com.openCart.testcase.DDT" name="login" time="16.417"/>
  <system-out/>
</testsuite> <!-- com.openCart.testcase.DDT -->
