<?xml version="1.0" encoding="UTF-8"?>
<!-- Generated by org.testng.reporters.JUnitReportReporter -->
<testsuite hostname="MUNTASIR-PC" failures="0" tests="1" name="com.google.testcase.DD_TC_Login_4" time="29.746" errors="0" timestamp="2021-04-21T12:28:59 BDT" skipped="0">
  <testcase classname="com.google.testcase.DD_TC_Login_4" name="LoginTest" time="29.746"/>
  <system-out/>
</testsuite> <!-- com.google.testcase.DD_TC_Login_4 -->
